android/build/outputs/logs/manifest-merger-debug-report.txt
-- Merging decision tree log ---
manifest
ADDED from BasketBall-Rush/android/AndroidManifest.xml:2:1-60:12
	package
		ADDED from BasketBall-Rush/android/AndroidManifest.xml:4:5-46
		INJECTED from BasketBall-Rush/android/AndroidManifest.xml
		INJECTED from BasketBall-Rush/android/AndroidManifest.xml
	android:versionName
		ADDED from BasketBall-Rush/android/AndroidManifest.xml:6:5-30
		INJECTED from BasketBall-Rush/android/AndroidManifest.xml
		INJECTED from BasketBall-Rush/android/AndroidManifest.xml
	xmlns:tools
		ADDED from BasketBall-Rush/android/AndroidManifest.xml:3:5-51
	android:versionCode
		ADDED from BasketBall-Rush/android/AndroidManifest.xml:5:5-28
		INJECTED from BasketBall-Rush/android/AndroidManifest.xml
		INJECTED from BasketBall-Rush/android/AndroidManifest.xml
	xmlns:android
		ADDED from BasketBall-Rush/android/AndroidManifest.xml:2:11-69
uses-permission#com.google.android.c2dm.permission.RECEIVE
ADDED from BasketBall-Rush/android/AndroidManifest.xml:8:5-10:31
REJECTED from [com.google.android.gms:play-services-gcm:8.4.0] AndroidManifest.xml:21:5-82
	tools:node
		ADDED from BasketBall-Rush/android/AndroidManifest.xml:10:9-28
	android:name
		ADDED from BasketBall-Rush/android/AndroidManifest.xml:9:9-66
uses-permission#android.permission.WAKE_LOCK
ADDED from BasketBall-Rush/android/AndroidManifest.xml:11:5-13:31
REJECTED from [com.google.android.gms:play-services-measurement:8.4.0] AndroidManifest.xml:24:5-67
	tools:node
		ADDED from BasketBall-Rush/android/AndroidManifest.xml:13:9-28
	android:name
		ADDED from BasketBall-Rush/android/AndroidManifest.xml:12:9-52
uses-permission#android.permission.ACCESS_COARSE_LOCATION
ADDED from BasketBall-Rush/android/AndroidManifest.xml:14:5-16:31
	tools:node
		ADDED from BasketBall-Rush/android/AndroidManifest.xml:16:9-28
	android:name
		ADDED from BasketBall-Rush/android/AndroidManifest.xml:15:9-65
uses-permission#android.permission.ACCESS_FINE_LOCATION
ADDED from BasketBall-Rush/android/AndroidManifest.xml:17:5-19:31
	tools:node
		ADDED from BasketBall-Rush/android/AndroidManifest.xml:19:9-28
	android:name
		ADDED from BasketBall-Rush/android/AndroidManifest.xml:18:9-63
uses-permission#android.permission.WRITE_EXTERNAL_STORAGE
ADDED from BasketBall-Rush/android/AndroidManifest.xml:20:5-22:31
	tools:node
		ADDED from BasketBall-Rush/android/AndroidManifest.xml:22:9-28
	android:name
		ADDED from BasketBall-Rush/android/AndroidManifest.xml:21:9-65
uses-permission#android.permission.READ_EXTERNAL_STORAGE
ADDED from BasketBall-Rush/android/AndroidManifest.xml:23:5-25:31
	tools:node
		ADDED from BasketBall-Rush/android/AndroidManifest.xml:25:9-28
	android:name
		ADDED from BasketBall-Rush/android/AndroidManifest.xml:24:9-64
uses-permission#android.permission.READ_PHONE_STATE
ADDED from BasketBall-Rush/android/AndroidManifest.xml:26:5-28:31
	tools:node
		ADDED from BasketBall-Rush/android/AndroidManifest.xml:28:9-28
	android:name
		ADDED from BasketBall-Rush/android/AndroidManifest.xml:27:9-59
uses-sdk
ADDED from BasketBall-Rush/android/AndroidManifest.xml:31:5-32:63
MERGED from [com.android.support:multidex:1.0.1] AndroidManifest.xml:18:5-42
MERGED from [BasketBall-Rush:BaseGameUtils:1.0] AndroidManifest.xml:23:5-25:64
MERGED from [com.google.android.gms:play-services:8.4.0] AndroidManifest.xml:18:5-42
MERGED from [com.google.android.gms:play-services-ads:8.4.0] AndroidManifest.xml:23:5-42
MERGED from [com.google.android.gms:play-services-analytics:8.4.0] AndroidManifest.xml:18:5-42
MERGED from [com.google.android.gms:play-services-appindexing:8.4.0] AndroidManifest.xml:18:5-42
MERGED from [com.google.android.gms:play-services-appinvite:8.4.0] AndroidManifest.xml:18:5-42
MERGED from [com.google.android.gms:play-services-appstate:8.4.0] AndroidManifest.xml:18:5-42
MERGED from [com.google.android.gms:play-services-auth:8.4.0] AndroidManifest.xml:18:5-43
MERGED from [com.google.android.gms:play-services-cast:8.4.0] AndroidManifest.xml:18:5-42
MERGED from [com.android.support:mediarouter-v7:23.0.0] AndroidManifest.xml:20:5-43
MERGED from [com.android.support:appcompat-v7:23.0.0] AndroidManifest.xml:20:5-43
MERGED from [com.google.android.gms:play-services-fitness:8.4.0] AndroidManifest.xml:18:5-42
MERGED from [com.google.android.gms:play-services-games:8.4.0] AndroidManifest.xml:18:5-42
MERGED from [com.google.android.gms:play-services-drive:8.4.0] AndroidManifest.xml:18:5-42
MERGED from [com.google.android.gms:play-services-gcm:8.4.0] AndroidManifest.xml:18:5-42
MERGED from [com.google.android.gms:play-services-location:8.4.0] AndroidManifest.xml:18:5-42
MERGED from [com.google.android.gms:play-services-measurement:8.4.0] AndroidManifest.xml:18:5-42
MERGED from [com.google.android.gms:play-services-nearby:8.4.0] AndroidManifest.xml:18:5-42
MERGED from [com.google.android.gms:play-services-panorama:8.4.0] AndroidManifest.xml:18:5-42
MERGED from [com.google.android.gms:play-services-plus:8.4.0] AndroidManifest.xml:18:5-42
MERGED from [com.google.android.gms:play-services-safetynet:8.4.0] AndroidManifest.xml:18:5-42
MERGED from [com.google.android.gms:play-services-vision:8.4.0] AndroidManifest.xml:4:5-42
MERGED from [com.google.android.gms:play-services-wallet:8.4.0] AndroidManifest.xml:19:5-42
MERGED from [com.google.android.gms:play-services-identity:8.4.0] AndroidManifest.xml:18:5-42
MERGED from [com.google.android.gms:play-services-maps:8.4.0] AndroidManifest.xml:26:5-42
MERGED from [com.google.android.gms:play-services-wearable:8.4.0] AndroidManifest.xml:18:5-42
MERGED from [com.google.android.gms:play-services-base:8.4.0] AndroidManifest.xml:18:5-42
MERGED from [com.google.android.gms:play-services-basement:8.4.0] AndroidManifest.xml:18:5-42
MERGED from [com.android.support:support-v4:23.0.0] AndroidManifest.xml:20:5-43
	tools:overrideLibrary
		ADDED from BasketBall-Rush/android/AndroidManifest.xml:32:9-61
	android:targetSdkVersion
		ADDED from BasketBall-Rush/android/AndroidManifest.xml:31:41-70
		INJECTED from BasketBall-Rush/android/AndroidManifest.xml
		INJECTED from BasketBall-Rush/android/AndroidManifest.xml
	android:minSdkVersion
		ADDED from BasketBall-Rush/android/AndroidManifest.xml:31:15-40
		INJECTED from BasketBall-Rush/android/AndroidManifest.xml
		INJECTED from BasketBall-Rush/android/AndroidManifest.xml
uses-permission#android.permission.INTERNET
ADDED from BasketBall-Rush/android/AndroidManifest.xml:34:5-67
MERGED from [com.google.android.gms:play-services-ads:8.4.0] AndroidManifest.xml:20:5-66
MERGED from [com.google.android.gms:play-services-analytics:8.4.0] AndroidManifest.xml:21:5-67
MERGED from [com.google.android.gms:play-services-appinvite:8.4.0] AndroidManifest.xml:19:5-67
MERGED from [com.google.android.gms:play-services-gcm:8.4.0] AndroidManifest.xml:22:5-67
MERGED from [com.google.android.gms:play-services-measurement:8.4.0] AndroidManifest.xml:21:5-67
MERGED from [com.google.android.gms:play-services-maps:8.4.0] AndroidManifest.xml:21:5-66
	android:name
		ADDED from BasketBall-Rush/android/AndroidManifest.xml:34:22-64
uses-permission#android.permission.ACCESS_NETWORK_STATE
ADDED from BasketBall-Rush/android/AndroidManifest.xml:35:5-79
MERGED from [com.google.android.gms:play-services-ads:8.4.0] AndroidManifest.xml:21:5-78
MERGED from [com.google.android.gms:play-services-analytics:8.4.0] AndroidManifest.xml:22:5-79
MERGED from [com.google.android.gms:play-services-measurement:8.4.0] AndroidManifest.xml:22:5-79
MERGED from [com.google.android.gms:play-services-nearby:8.4.0] AndroidManifest.xml:19:5-79
MERGED from [com.google.android.gms:play-services-maps:8.4.0] AndroidManifest.xml:20:5-78
	android:name
		ADDED from BasketBall-Rush/android/AndroidManifest.xml:35:22-76
application
ADDED from BasketBall-Rush/android/AndroidManifest.xml:38:5-58:19
MERGED from [BasketBall-Rush:BaseGameUtils:1.0] AndroidManifest.xml:27:5-31:19
MERGED from [com.google.android.gms:play-services:8.4.0] AndroidManifest.xml:19:5-20
MERGED from [com.google.android.gms:play-services-ads:8.4.0] AndroidManifest.xml:24:5-32:19
MERGED from [com.google.android.gms:play-services-analytics:8.4.0] AndroidManifest.xml:24:5-20
MERGED from [com.google.android.gms:play-services-appindexing:8.4.0] AndroidManifest.xml:19:5-20
MERGED from [com.google.android.gms:play-services-appinvite:8.4.0] AndroidManifest.xml:20:5-30:19
MERGED from [com.google.android.gms:play-services-appstate:8.4.0] AndroidManifest.xml:19:5-20
MERGED from [com.google.android.gms:play-services-auth:8.4.0] AndroidManifest.xml:20:5-32:19
MERGED from [com.google.android.gms:play-services-cast:8.4.0] AndroidManifest.xml:19:5-20
MERGED from [com.android.support:mediarouter-v7:23.0.0] AndroidManifest.xml:22:5-20
MERGED from [com.android.support:appcompat-v7:23.0.0] AndroidManifest.xml:22:5-20
MERGED from [com.google.android.gms:play-services-fitness:8.4.0] AndroidManifest.xml:19:5-20
MERGED from [com.google.android.gms:play-services-games:8.4.0] AndroidManifest.xml:19:5-20
MERGED from [com.google.android.gms:play-services-drive:8.4.0] AndroidManifest.xml:19:5-20
MERGED from [com.google.android.gms:play-services-gcm:8.4.0] AndroidManifest.xml:24:5-20
MERGED from [com.google.android.gms:play-services-location:8.4.0] AndroidManifest.xml:19:5-20
MERGED from [com.google.android.gms:play-services-measurement:8.4.0] AndroidManifest.xml:26:5-46:19
MERGED from [com.google.android.gms:play-services-nearby:8.4.0] AndroidManifest.xml:20:5-20
MERGED from [com.google.android.gms:play-services-panorama:8.4.0] AndroidManifest.xml:19:5-20
MERGED from [com.google.android.gms:play-services-plus:8.4.0] AndroidManifest.xml:19:5-20
MERGED from [com.google.android.gms:play-services-safetynet:8.4.0] AndroidManifest.xml:19:5-20
MERGED from [com.google.android.gms:play-services-vision:8.4.0] AndroidManifest.xml:5:5-20
MERGED from [com.google.android.gms:play-services-identity:8.4.0] AndroidManifest.xml:19:5-20
MERGED from [com.google.android.gms:play-services-maps:8.4.0] AndroidManifest.xml:27:5-20
MERGED from [com.google.android.gms:play-services-wearable:8.4.0] AndroidManifest.xml:19:5-20
MERGED from [com.google.android.gms:play-services-basement:8.4.0] AndroidManifest.xml:20:5-24:19
MERGED from [com.android.support:support-v4:23.0.0] AndroidManifest.xml:22:5-20
	android:label
		ADDED from BasketBall-Rush/android/AndroidManifest.xml:41:9-41
	android:allowBackup
		ADDED from BasketBall-Rush/android/AndroidManifest.xml:39:9-35
	android:icon
		ADDED from BasketBall-Rush/android/AndroidManifest.xml:40:9-45
	android:theme
		ADDED from BasketBall-Rush/android/AndroidManifest.xml:42:9-40
meta-data#com.google.android.gms.games.APP_ID
ADDED from BasketBall-Rush/android/AndroidManifest.xml:44:9-104
	android:value
		ADDED from BasketBall-Rush/android/AndroidManifest.xml:44:71-101
	android:name
		ADDED from BasketBall-Rush/android/AndroidManifest.xml:44:20-70
meta-data#com.google.android.gms.version
ADDED from BasketBall-Rush/android/AndroidManifest.xml:45:9-122
MERGED from [com.google.android.gms:play-services-basement:8.4.0] AndroidManifest.xml:21:9-23:69
	android:value
		ADDED from BasketBall-Rush/android/AndroidManifest.xml:45:66-119
	android:name
		ADDED from BasketBall-Rush/android/AndroidManifest.xml:45:20-65
activity#com.internetwarz.basketballrush.AndroidLauncher
ADDED from BasketBall-Rush/android/AndroidManifest.xml:48:9-57:20
	android:screenOrientation
		ADDED from BasketBall-Rush/android/AndroidManifest.xml:51:13-49
	android:label
		ADDED from BasketBall-Rush/android/AndroidManifest.xml:50:13-45
	android:configChanges
		ADDED from BasketBall-Rush/android/AndroidManifest.xml:52:13-83
	android:name
		ADDED from BasketBall-Rush/android/AndroidManifest.xml:49:13-75
intent-filter#android.intent.action.MAIN+android.intent.category.LAUNCHER
ADDED from BasketBall-Rush/android/AndroidManifest.xml:53:13-56:29
action#android.intent.action.MAIN
ADDED from BasketBall-Rush/android/AndroidManifest.xml:54:17-69
	android:name
		ADDED from BasketBall-Rush/android/AndroidManifest.xml:54:25-66
category#android.intent.category.LAUNCHER
ADDED from BasketBall-Rush/android/AndroidManifest.xml:55:17-77
	android:name
		ADDED from BasketBall-Rush/android/AndroidManifest.xml:55:27-74
meta-data#unityplayer.ForwardNativeEventsToDalvik
ADDED from [BasketBall-Rush:BaseGameUtils:1.0] AndroidManifest.xml:28:9-30:36
	android:value
		ADDED from [BasketBall-Rush:BaseGameUtils:1.0] AndroidManifest.xml:30:13-33
	android:name
		ADDED from [BasketBall-Rush:BaseGameUtils:1.0] AndroidManifest.xml:29:13-67
activity#com.google.android.gms.ads.AdActivity
ADDED from [com.google.android.gms:play-services-ads:8.4.0] AndroidManifest.xml:26:9-29:64
	android:configChanges
		ADDED from [com.google.android.gms:play-services-ads:8.4.0] AndroidManifest.xml:28:13-122
	android:theme
		ADDED from [com.google.android.gms:play-services-ads:8.4.0] AndroidManifest.xml:29:13-61
	android:name
		ADDED from [com.google.android.gms:play-services-ads:8.4.0] AndroidManifest.xml:27:13-65
activity#com.google.android.gms.ads.purchase.InAppPurchaseActivity
ADDED from [com.google.android.gms:play-services-ads:8.4.0] AndroidManifest.xml:30:9-31:52
	android:theme
		ADDED from [com.google.android.gms:play-services-ads:8.4.0] AndroidManifest.xml:31:13-50
	android:name
		ADDED from [com.google.android.gms:play-services-ads:8.4.0] AndroidManifest.xml:30:19-91
activity#com.google.android.gms.appinvite.PreviewActivity
ADDED from [com.google.android.gms:play-services-appinvite:8.4.0] AndroidManifest.xml:21:9-29:20
	android:exported
		ADDED from [com.google.android.gms:play-services-appinvite:8.4.0] AndroidManifest.xml:23:17-40
	android:theme
		ADDED from [com.google.android.gms:play-services-appinvite:8.4.0] AndroidManifest.xml:24:17-63
	android:name
		ADDED from [com.google.android.gms:play-services-appinvite:8.4.0] AndroidManifest.xml:22:17-48
intent-filter#android.intent.category.DEFAULT+com.google.android.gms.appinvite.ACTION_PREVIEW
ADDED from [com.google.android.gms:play-services-appinvite:8.4.0] AndroidManifest.xml:25:13-28:29
action#com.google.android.gms.appinvite.ACTION_PREVIEW
ADDED from [com.google.android.gms:play-services-appinvite:8.4.0] AndroidManifest.xml:26:17-89
	android:name
		ADDED from [com.google.android.gms:play-services-appinvite:8.4.0] AndroidManifest.xml:26:25-87
category#android.intent.category.DEFAULT
ADDED from [com.google.android.gms:play-services-appinvite:8.4.0] AndroidManifest.xml:27:17-75
	android:name
		ADDED from [com.google.android.gms:play-services-appinvite:8.4.0] AndroidManifest.xml:27:27-73
activity#com.google.android.gms.auth.api.signin.internal.SignInHubActivity
ADDED from [com.google.android.gms:play-services-auth:8.4.0] AndroidManifest.xml:21:9-24:46
	android:excludeFromRecents
		ADDED from [com.google.android.gms:play-services-auth:8.4.0] AndroidManifest.xml:23:19-52
	android:exported
		ADDED from [com.google.android.gms:play-services-auth:8.4.0] AndroidManifest.xml:24:19-43
	android:theme
		ADDED from [com.google.android.gms:play-services-auth:8.4.0] AndroidManifest.xml:22:19-78
	android:name
		ADDED from [com.google.android.gms:play-services-auth:8.4.0] AndroidManifest.xml:21:19-72
service#com.google.android.gms.auth.api.signin.RevocationBoundService
ADDED from [com.google.android.gms:play-services-auth:8.4.0] AndroidManifest.xml:28:9-31:110
	android:exported
		ADDED from [com.google.android.gms:play-services-auth:8.4.0] AndroidManifest.xml:30:13-36
	android:permission
		ADDED from [com.google.android.gms:play-services-auth:8.4.0] AndroidManifest.xml:31:13-107
	android:name
		ADDED from [com.google.android.gms:play-services-auth:8.4.0] AndroidManifest.xml:29:13-62
provider#com.google.android.gms.measurement.AppMeasurementContentProvider
ADDED from [com.google.android.gms:play-services-measurement:8.4.0] AndroidManifest.xml:28:7-31:37
	android:authorities
		ADDED from [com.google.android.gms:play-services-measurement:8.4.0] AndroidManifest.xml:29:11-76
	android:exported
		ADDED from [com.google.android.gms:play-services-measurement:8.4.0] AndroidManifest.xml:31:11-35
	android:name
		ADDED from [com.google.android.gms:play-services-measurement:8.4.0] AndroidManifest.xml:30:11-90
receiver#com.google.android.gms.measurement.AppMeasurementReceiver
ADDED from [com.google.android.gms:play-services-measurement:8.4.0] AndroidManifest.xml:33:7-39:18
	android:enabled
		ADDED from [com.google.android.gms:play-services-measurement:8.4.0] AndroidManifest.xml:35:11-33
	android:name
		ADDED from [com.google.android.gms:play-services-measurement:8.4.0] AndroidManifest.xml:34:11-83
intent-filter#com.google.android.gms.measurement.UPLOAD
ADDED from [com.google.android.gms:play-services-measurement:8.4.0] AndroidManifest.xml:36:9-38:25
action#com.google.android.gms.measurement.UPLOAD
ADDED from [com.google.android.gms:play-services-measurement:8.4.0] AndroidManifest.xml:37:11-77
	android:name
		ADDED from [com.google.android.gms:play-services-measurement:8.4.0] AndroidManifest.xml:37:19-75
service#com.google.android.gms.measurement.AppMeasurementService
ADDED from [com.google.android.gms:play-services-measurement:8.4.0] AndroidManifest.xml:41:7-44:37
	android:enabled
		ADDED from [com.google.android.gms:play-services-measurement:8.4.0] AndroidManifest.xml:43:11-33
	android:exported
		ADDED from [com.google.android.gms:play-services-measurement:8.4.0] AndroidManifest.xml:44:11-35
	android:name
		ADDED from [com.google.android.gms:play-services-measurement:8.4.0] AndroidManifest.xml:42:11-82
uses-feature#0x00020000
ADDED from [com.google.android.gms:play-services-maps:8.4.0] AndroidManifest.xml:22:5-24:33
	android:glEsVersion
		ADDED from [com.google.android.gms:play-services-maps:8.4.0] AndroidManifest.xml:23:8-40
	android:required
		ADDED from [com.google.android.gms:play-services-maps:8.4.0] AndroidManifest.xml:24:8-31